MSBuild version 18.0.5+e22287bf1 for .NET Framework

  Automatic MOC and UIC for target RLPEncoder
  Automatic MOC and UIC for target Database
  Automatic MOC and UIC for target SharedSymbols
  Automatic MOC and UIC for target BlockCypher
  Automatic MOC and UIC for target SecureCredentialStore
  Automatic MOC and UIC for target QRGenerator
  Automatic MOC and UIC for target PriceService
  Automatic MOC and UIC for target Crypto
  SharedSymbols.vcxproj -> C:\Users\erick\source\repos\erickherrera\CriptoGualet\out\build\win-vs2022-x64-debug\backend\utils\Debug\SharedSymbols.lib
  Database.vcxproj -> C:\Users\erick\source\repos\erickherrera\CriptoGualet\out\build\win-vs2022-x64-debug\backend\database\Debug\Database.lib
  BlockCypher.vcxproj -> C:\Users\erick\source\repos\erickherrera\CriptoGualet\out\build\win-vs2022-x64-debug\backend\blockchain\Debug\BlockCypher.lib
  QRGenerator.vcxproj -> C:\Users\erick\source\repos\erickherrera\CriptoGualet\out\build\win-vs2022-x64-debug\backend\utils\Debug\QRGenerator.lib
  RLPEncoder.vcxproj -> C:\Users\erick\source\repos\erickherrera\CriptoGualet\out\build\win-vs2022-x64-debug\backend\utils\Debug\RLPEncoder.lib
  SecureCredentialStore.vcxproj -> C:\Users\erick\source\repos\erickherrera\CriptoGualet\out\build\win-vs2022-x64-debug\backend\utils\Debug\SecureCredentialStore.lib
  Crypto.vcxproj -> C:\Users\erick\source\repos\erickherrera\CriptoGualet\out\build\win-vs2022-x64-debug\backend\core\Debug\Crypto.lib
  PriceService.vcxproj -> C:\Users\erick\source\repos\erickherrera\CriptoGualet\out\build\win-vs2022-x64-debug\backend\blockchain\Debug\PriceService.lib
  Automatic MOC and UIC for target test_database
  Automatic MOC and UIC for target EthereumService
  Automatic MOC and UIC for target test_security_enhancements
  EthereumService.vcxproj -> C:\Users\erick\source\repos\erickherrera\CriptoGualet\out\build\win-vs2022-x64-debug\backend\blockchain\Debug\EthereumService.lib
  Automatic MOC and UIC for target WalletAPI
  test_security_enhancements.vcxproj -> C:\Users\erick\source\repos\erickherrera\CriptoGualet\out\build\win-vs2022-x64-debug\bin\Debug\test_security_enhancements.exe
  WalletAPI.vcxproj -> C:\Users\erick\source\repos\erickherrera\CriptoGualet\out\build\win-vs2022-x64-debug\backend\core\Debug\WalletAPI.lib
  Automatic MOC and UIC for target test_blockcypher_api
  test_blockcypher_api.vcxproj -> C:\Users\erick\source\repos\erickherrera\CriptoGualet\out\build\win-vs2022-x64-debug\bin\Debug\test_blockcypher_api.exe
  	Copying CPR DLL for test_blockcypher_api	Copying libcurl DLL for test_blockcypher_api	Copying charset DLL for test_blockcypher_api	Copying iconv DLL for test_blockcypher_api
  test_database.vcxproj -> C:\Users\erick\source\repos\erickherrera\CriptoGualet\out\build\win-vs2022-x64-debug\bin\Debug\test_database.exe
  Automatic MOC and UIC for target Repository
  Repository.vcxproj -> C:\Users\erick\source\repos\erickherrera\CriptoGualet\out\build\win-vs2022-x64-debug\backend\repository\Debug\Repository.lib
  	Copying SQLCipher DLL for test execution	Copying SQLite3 DLL for test execution	Copying OpenSSL Crypto DLL for test execution	Copying OpenSSL SSL DLL for test execution
  Automatic MOC and UIC for target Auth
  Automatic MOC and UIC for target TestUtils
  TestUtils.vcxproj -> C:\Users\erick\source\repos\erickherrera\CriptoGualet\out\build\win-vs2022-x64-debug\Tests\Debug\TestUtils.lib
  Auth.vcxproj -> C:\Users\erick\source\repos\erickherrera\CriptoGualet\out\build\win-vs2022-x64-debug\backend\core\Debug\Auth.lib
  Automatic MOC and UIC for target test_ethereum_wallet
  Automatic MOC and UIC for target test_secure_seed
  Automatic MOC and UIC for target test_auth_database_integration
  Automatic MOC and UIC for target test_password_verification
  Automatic MOC and UIC for target test_bip39
  Automatic MOC and UIC for target test_2fa
  Automatic MOC and UIC for target test_multichain_wallets
  Automatic MOC and UIC for target test_repository_integration
  Automatic MOC and UIC for target test_wallet_repository
  test_bip39.vcxproj -> C:\Users\erick\source\repos\erickherrera\CriptoGualet\out\build\win-vs2022-x64-debug\bin\Debug\test_bip39.exe
  test_auth_database_integration.vcxproj -> C:\Users\erick\source\repos\erickherrera\CriptoGualet\out\build\win-vs2022-x64-debug\bin\Debug\test_auth_database_integration.exe
  test_password_verification.vcxproj -> C:\Users\erick\source\repos\erickherrera\CriptoGualet\out\build\win-vs2022-x64-debug\bin\Debug\test_password_verification.exe
  test_2fa.vcxproj -> C:\Users\erick\source\repos\erickherrera\CriptoGualet\out\build\win-vs2022-x64-debug\bin\Debug\test_2fa.exe
  test_ethereum_wallet.vcxproj -> C:\Users\erick\source\repos\erickherrera\CriptoGualet\out\build\win-vs2022-x64-debug\bin\Debug\test_ethereum_wallet.exe
  	Copying SQLCipher DLL for test execution	Copying SQLite3 DLL for test execution	Copying OpenSSL Crypto DLL for test execution	Copying OpenSSL SSL DLL for test execution
  	Copying SQLCipher DLL for test execution	Copying SQLite3 DLL for test execution	Copying OpenSSL Crypto DLL for test execution	Copying OpenSSL SSL DLL for test execution
  	Copying SQLCipher DLL for test_2fa	Copying libcurl DLL for test_2fa
  test_wallet_repository.vcxproj -> C:\Users\erick\source\repos\erickherrera\CriptoGualet\out\build\win-vs2022-x64-debug\bin\Debug\test_wallet_repository.exe
  test_repository_integration.vcxproj -> C:\Users\erick\source\repos\erickherrera\CriptoGualet\out\build\win-vs2022-x64-debug\bin\Debug\test_repository_integration.exe
  	Copying SQLCipher DLL for test_wallet_repository	Copying SQLite3 DLL for test_wallet_repository	Copying OpenSSL Crypto DLL for test_wallet_repository	Copying OpenSSL SSL DLL for test_wallet_repository
  test_multichain_wallets.cpp
  	Copying SQLCipher DLL for test_repository_integration	Copying SQLite3 DLL for test_repository_integration	Copying OpenSSL Crypto DLL for test_repository_integration	Copying OpenSSL SSL DLL for test_repository_integration
  Automatic MOC and UIC for target test_user_repository
  Automatic MOC and UIC for target test_transaction_repository
  Automatic MOC and UIC for target CriptoGualetQt
  test_user_repository.cpp
  test_transaction_repository.vcxproj -> C:\Users\erick\source\repos\erickherrera\CriptoGualet\out\build\win-vs2022-x64-debug\bin\Debug\test_transaction_repository.exe
  	Copying SQLCipher DLL for test_transaction_repository	Copying SQLite3 DLL for test_transaction_repository	Copying OpenSSL Crypto DLL for test_transaction_repository	Copying OpenSSL SSL DLL for test_transaction_repository
C:\Users\erick\source\repos\erickherrera\CriptoGualet\Tests\test_multichain_wallets.cpp(139,14): warning C4189: 'validFormat': local variable is initialized but not referenced [C:\Users\erick\source\repos\erickherrera\CriptoGualet\out\build\win-vs2022-x64-debug\Tests\test_multichain_wallets.vcxproj]
  test_secure_seed.vcxproj -> C:\Users\erick\source\repos\erickherrera\CriptoGualet\out\build\win-vs2022-x64-debug\bin\Debug\test_secure_seed.exe
  	Copying qrencode DLL for test_secure_seed	Copying libpng16 DLL for test_secure_seed	Copying zlib DLL for test_secure_seed
  mocs_compilation_Debug.cpp
  test_multichain_wallets.vcxproj -> C:\Users\erick\source\repos\erickherrera\CriptoGualet\out\build\win-vs2022-x64-debug\bin\Debug\test_multichain_wallets.exe
  	Copying SQLCipher DLL for test_multichain_wallets	Copying SQLite3 DLL for test_multichain_wallets	Copying OpenSSL Crypto DLL for test_multichain_wallets	Copying OpenSSL SSL DLL for test_multichain_wallets
  test_user_repository.vcxproj -> C:\Users\erick\source\repos\erickherrera\CriptoGualet\out\build\win-vs2022-x64-debug\bin\Debug\test_user_repository.exe
  	Copying SQLCipher DLL for test_user_repository	Copying SQLite3 DLL for test_user_repository	Copying OpenSSL Crypto DLL for test_user_repository	Copying OpenSSL SSL DLL for test_user_repository
  CriptoGualetQt.cpp
C:\Users\erick\source\repos\erickherrera\CriptoGualet\frontend\qt\CriptoGualetQt.cpp(682,9): warning C4189: 'buttonHeight': local variable is initialized but not referenced [C:\Users\erick\source\repos\erickherrera\CriptoGualet\out\build\win-vs2022-x64-debug\frontend\qt\CriptoGualetQt.vcxproj]
  QtWalletUI.cpp
C:\Users\erick\source\repos\erickherrera\CriptoGualet\frontend\qt\QtWalletUI.cpp(1319,1): error C2059: syntax error: '}' [C:\Users\erick\source\repos\erickherrera\CriptoGualet\out\build\win-vs2022-x64-debug\frontend\qt\CriptoGualetQt.vcxproj]
C:\Users\erick\source\repos\erickherrera\CriptoGualet\frontend\qt\QtWalletUI.cpp(1319,1): error C2143: syntax error: missing ';' before '}' [C:\Users\erick\source\repos\erickherrera\CriptoGualet\out\build\win-vs2022-x64-debug\frontend\qt\CriptoGualetQt.vcxproj]
C:\Users\erick\source\repos\erickherrera\CriptoGualet\frontend\qt\QtWalletUI.cpp(1322,74): error C2143: syntax error: missing ';' before '{' [C:\Users\erick\source\repos\erickherrera\CriptoGualet\out\build\win-vs2022-x64-debug\frontend\qt\CriptoGualetQt.vcxproj]
C:\Users\erick\source\repos\erickherrera\CriptoGualet\frontend\qt\QtWalletUI.cpp(1322,74): error C2447: '{': missing function header (old-style formal list?) [C:\Users\erick\source\repos\erickherrera\CriptoGualet\out\build\win-vs2022-x64-debug\frontend\qt\CriptoGualetQt.vcxproj]
  QtPasswordConfirmDialog.cpp
  Generating Code...
